<?xml version="1.0" encoding="UTF-8"?>
<!-- Generated by org.testng.reporters.JUnitXMLReporter -->
<testsuite hostname="plutosolutions" ignored="0" name="Default test" tests="2" failures="0" timestamp="22 พ.ค. 2560 06:24:40 GMT" time="14.885" errors="0">
  <testcase name="StartupTest" time="0.014" classname="plutosolutions.mobilephone.DeviceCalculatorTest"/>
  <testcase name="SumFunctionTest" time="6.908" classname="plutosolutions.mobilephone.DeviceCalculatorTest"/>
</testsuite> <!-- Default test -->
