<?xml version="1.0" encoding="UTF-8"?>
<testng-results skipped="0" failed="0" ignored="0" total="2" passed="2">
  <reporter-output>
  </reporter-output>
  <suite name="Default suite" duration-ms="14885" started-at="2560-05-22T06:24:25Z" finished-at="2560-05-22T06:24:40Z">
    <groups>
    </groups>
    <test name="Default test" duration-ms="14885" started-at="2560-05-22T06:24:25Z" finished-at="2560-05-22T06:24:40Z">
      <class name="plutosolutions.mobilephone.DeviceCalculatorTest">
        <test-method status="PASS" signature="Initialize()[pri:0, instance:plutosolutions.mobilephone.DeviceCalculatorTest@56f4468b]" name="Initialize" is-config="true" duration-ms="6934" started-at="2560-05-22T13:24:25Z" finished-at="2560-05-22T13:24:32Z">
          <reporter-output>
          </reporter-output>
        </test-method> <!-- Initialize -->
        <test-method status="PASS" signature="StartupTest()[pri:1, instance:plutosolutions.mobilephone.DeviceCalculatorTest@56f4468b]" name="StartupTest" duration-ms="14" started-at="2560-05-22T13:24:32Z" finished-at="2560-05-22T13:24:32Z">
          <reporter-output>
          </reporter-output>
        </test-method> <!-- StartupTest -->
        <test-method status="PASS" signature="SumFunctionTest()[pri:2, instance:plutosolutions.mobilephone.DeviceCalculatorTest@56f4468b]" name="SumFunctionTest" duration-ms="6908" started-at="2560-05-22T13:24:32Z" finished-at="2560-05-22T13:24:39Z">
          <reporter-output>
          </reporter-output>
        </test-method> <!-- SumFunctionTest -->
        <test-method status="PASS" signature="Cleanup()[pri:0, instance:plutosolutions.mobilephone.DeviceCalculatorTest@56f4468b]" name="Cleanup" is-config="true" duration-ms="1008" started-at="2560-05-22T13:24:39Z" finished-at="2560-05-22T13:24:40Z">
          <reporter-output>
          </reporter-output>
        </test-method> <!-- Cleanup -->
      </class> <!-- plutosolutions.mobilephone.DeviceCalculatorTest -->
    </test> <!-- Default test -->
  </suite> <!-- Default suite -->
</testng-results>
